<?xml version='1.0'?>
<ns2:test-suite xmlns:ns2='urn:model.allure.qatools.yandex.ru' start='1533829526668' stop='1533829527136'>
    <name>Working with HTTP requests</name>
    <title>Working with HTTP requests</title>
    <test-cases>
        <test-case start='1533829526669' status='failed' stop='1533829527127'>
            <name>Making request, receiving response, and typing it into field on website</name>
            <title>Making request, receiving response, and typing it into field on website</title>
            <labels>
                <label name='language' value='javascript'/>
                <label name='framework' value='wdio'/>
                <label name='thread' value='0-0'/>
            </labels>
            <parameters>
                <parameter kind='argument' name='browser' value='chrome'/>
                <parameter kind='environment-variable' name='capabilities' value='{"browserName":"chrome","enableVNC":true}'/>
                <parameter kind='environment-variable' name='spec files' value='["/Users/oleksandrkhotemskyi/demonstration_webdriverio_project/tests/2/1.ts"]'/>
            </parameters>
            <steps>
                <step start='1533829527127' status='undefined'>
                    <name>POST /wd/hub/session/550517c6d3935c38660e15f4aa3b307f/url</name>
                    <title>POST /wd/hub/session/550517c6d3935c38660e15f4aa3b307f/url</title>
                    <attachments>
                        <attachment title='Request' source='10f8252c-7daa-4c78-a1ab-c62b9ad37b72-attachment.json' type='application/json' size='56'/>
                    </attachments>
                    <steps>
                        <step start='1533829527131' status='undefined'>
                            <name>POST /wd/hub/session/550517c6d3935c38660e15f4aa3b307f/element</name>
                            <title>POST /wd/hub/session/550517c6d3935c38660e15f4aa3b307f/element</title>
                            <attachments>
                                <attachment title='Request' source='9bacbfe0-cba6-45d1-8507-6892db50f287-attachment.json' type='application/json' size='46'/>
                            </attachments>
                            <steps>
                                <step start='1533829527132' status='undefined'>
                                    <name>POST /wd/hub/session/550517c6d3935c38660e15f4aa3b307f/element</name>
                                    <title>POST /wd/hub/session/550517c6d3935c38660e15f4aa3b307f/element</title>
                                    <attachments>
                                        <attachment title='Request' source='6f1c35bb-078b-4ddb-8612-c69ff516b4cc-attachment.json' type='application/json' size='46'/>
                                    </attachments>
                                    <steps>
                                        <step start='1533829527132' status='undefined'>
                                            <name>POST /wd/hub/session/550517c6d3935c38660e15f4aa3b307f/element</name>
                                            <title>POST /wd/hub/session/550517c6d3935c38660e15f4aa3b307f/element</title>
                                            <attachments>
                                                <attachment title='Request' source='10565dc3-f3c5-4c3b-bf72-719c7d2af50c-attachment.json' type='application/json' size='54'/>
                                            </attachments>
                                            <steps>
                                                <step start='1533829527133' status='undefined'>
                                                    <name>POST /wd/hub/session/550517c6d3935c38660e15f4aa3b307f/element</name>
                                                    <title>POST /wd/hub/session/550517c6d3935c38660e15f4aa3b307f/element</title>
                                                    <attachments>
                                                        <attachment title='Request' source='65212cc0-2024-4f10-ac6f-2ce3c90ae519-attachment.json' type='application/json' size='60'/>
                                                    </attachments>
                                                    <steps/>
                                                </step>
                                            </steps>
                                        </step>
                                    </steps>
                                </step>
                            </steps>
                        </step>
                    </steps>
                </step>
            </steps>
            <attachments/>
            <failure>
                <message>expected { state: 'pending' } to equal 'Welcome to the Secure Area. When you are done click logout below.'</message>
                <stack-trace>AssertionError: expected { state: 'pending' } to equal 'Welcome to the Secure Area. When you are done click logout below.'
                    at Context.&lt;anonymous> (/Users/oleksandrkhotemskyi/demonstration_webdriverio_project/tests/2/1.ts:101:48)
                    at Generator.next (&lt;anonymous>)
                    at fulfilled (/Users/oleksandrkhotemskyi/demonstration_webdriverio_project/tests/2/1.ts:4:58)
                    at process._tickCallback (internal/process/next_tick.js:68:7)</stack-trace>
            </failure>
        </test-case>
    </test-cases>
</ns2:test-suite>